<?xml version="1.0" encoding="utf-8"?><testsuites name="pytest tests"><testsuite name="pytest" errors="0" failures="2" skipped="1" tests="4" time="0.018" timestamp="2026-09-13T18:11:13.840475-03:00" hostname="win11"><testcase classname="test_sample" name="test_passes" time="0.000" /><testcase classname="test_sample" name="test_fails" time="0.000"><failure message="assert (1 + 1) == 3">def test_fails():
&gt;       assert 1 + 1 == 3
E       assert (1 + 1) == 3

test_sample.py:6: AssertionError</failure></testcase><testcase classname="test_sample" name="test_errors" time="0.000"><failure message="RuntimeError: boom">def test_errors():
&gt;       raise RuntimeError("boom")
E       RuntimeError: boom

test_sample.py:10: RuntimeError</failure></testcase><testcase classname="test_sample" name="test_skipped" time="0.000"><skipped type="pytest.skip" message="demonstration">test_sample.py:16: demonstration</skipped></testcase></testsuite></testsuites>