{
  "meta": {
    "format": 3,
    "version": "7.6.1",
    "timestamp": "2026-01-02T10:00:00.000000",
    "branch_coverage": true,
    "show_contexts": false
  },
  "files": {
    "src/calc.py": {
      "executed_lines": [1, 2, 4, 7],
      "summary": {
        "covered_lines": 4,
        "num_statements": 6,
        "percent_covered": 66.66666666666667,
        "missing_lines": 2,
        "excluded_lines": 0,
        "num_branches": 4,
        "num_partial_branches": 1,
        "covered_branches": 3,
        "missing_branches": 1
      },
      "missing_lines": [8, 9],
      "excluded_lines": [],
      "executed_branches": [
        [4, 5],
        [4, 7],
        [7, 8]
      ],
      "missing_branches": [[7, 9]]
    },
    "src/util.py": {
      "executed_lines": [1, 3],
      "summary": {
        "covered_lines": 2,
        "num_statements": 2,
        "percent_covered": 100.0,
        "missing_lines": 0,
        "excluded_lines": 0,
        "num_branches": 0,
        "num_partial_branches": 0,
        "covered_branches": 0,
        "missing_branches": 0
      },
      "missing_lines": [],
      "excluded_lines": [],
      "executed_branches": [],
      "missing_branches": []
    }
  },
  "totals": {
    "covered_lines": 6,
    "num_statements": 8,
    "percent_covered": 75.0,
    "missing_lines": 2,
    "excluded_lines": 0,
    "num_branches": 4,
    "num_partial_branches": 1,
    "covered_branches": 3,
    "missing_branches": 1
  }
}
