{
  "/repo/src/calc.js": {
    "path": "/repo/src/calc.js",
    "statementMap": {
      "0": { "start": { "line": 1, "column": 0 }, "end": { "line": 1, "column": 20 } },
      "1": { "start": { "line": 4, "column": 2 }, "end": { "line": 4, "column": 18 } },
      "2": { "start": { "line": 7, "column": 2 }, "end": { "line": 7, "column": 16 } }
    },
    "fnMap": {},
    "branchMap": {
      "0": {
        "type": "if",
        "line": 4,
        "locations": [
          { "start": { "line": 4, "column": 2 }, "end": { "line": 5, "column": 3 } },
          { "start": { "line": 6, "column": 9 }, "end": { "line": 7, "column": 3 } }
        ]
      }
    },
    "s": { "0": 3, "1": 3, "2": 0 },
    "f": {},
    "b": { "0": [3, 0] }
  }
}
